[11:49:56] checkQuota() started for 4 accounts
[12:35:23] checkQuota() started for 4 accounts
[12:35:24] Quota for pt@g.c: Flash=-1%, Pro=-1%
[12:35:24] Quota for API.bt@g.c: Flash=-1%, Pro=-1%
[12:35:24] Quota for bt@g.c: Flash=-1%, Pro=-1%
[12:35:24] Quota for b@t.m: Flash=-1%, Pro=-1%
[12:35:49] checkQuota() started for 4 accounts
[12:35:49] Quota for bt@g.c: Flash=-1%, Pro=-1%
[12:35:49] Quota for b@t.m: Flash=-1%, Pro=-1%
[12:35:49] Quota for pt@g.c: Flash=-1%, Pro=-1%
[12:35:49] Quota for API.bt@g.c: Flash=-1%, Pro=-1%
[12:36:14] checkQuota() started for 4 accounts
[12:36:14] Quota for pt@g.c: Flash=-1%, Pro=-1%
[12:36:14] Quota for b@t.m: Flash=-1%, Pro=-1%
[12:36:14] Quota for bt@g.c: Flash=-1%, Pro=-1%
[12:36:14] Quota for API.bt@g.c: Flash=-1%, Pro=-1%
[12:36:39] checkQuota() started for 4 accounts
[12:36:39] Quota for bt@g.c: Flash=-1%, Pro=-1%
[12:36:39] Quota for b@t.m: Flash=-1%, Pro=-1%
[12:36:39] Quota for API.bt@g.c: Flash=-1%, Pro=-1%
[12:36:39] Quota for pt@g.c: Flash=-1%, Pro=-1%
[12:39:04] checkQuota() started for 4 accounts
[12:39:05] Quota for b@t.m: Flash=-1%, Pro=-1%
[12:39:05] Quota for bt@g.c: Flash=-1%, Pro=-1%
[12:39:05] Quota for pt@g.c: Flash=-1%, Pro=-1%
[12:39:05] Quota for API.bt@g.c: Flash=-1%, Pro=-1%
[12:39:29] checkQuota() started for 4 accounts
[12:39:30] Quota for bt@g.c: Flash=-1%, Pro=-1%
[12:39:30] Quota for API.bt@g.c: Flash=-1%, Pro=-1%
[12:39:30] Quota for pt@g.c: Flash=-1%, Pro=-1%
[12:39:30] Quota for b@t.m: Flash=-1%, Pro=-1%
[12:39:54] checkQuota() started for 4 accounts
[12:39:55] Quota for b@t.m: Flash=-1%, Pro=-1%
[12:39:55] Quota for API.bt@g.c: Flash=-1%, Pro=-1%
[12:39:55] Quota for pt@g.c: Flash=-1%, Pro=-1%
[12:39:55] Quota for bt@g.c: Flash=-1%, Pro=-1%
[12:40:19] checkQuota() started for 4 accounts
[12:40:20] Quota for API.bt@g.c: Flash=-1%, Pro=-1%
[12:40:20] Quota for b@t.m: Flash=-1%, Pro=-1%
[12:40:20] Quota for pt@g.c: Flash=-1%, Pro=-1%
[12:40:20] Quota for bt@g.c: Flash=-1%, Pro=-1%
[12:40:44] checkQuota() started for 4 accounts
[12:40:45] Quota for API.bt@g.c: Flash=-1%, Pro=-1%
[12:40:45] Quota for b@t.m: Flash=-1%, Pro=-1%
[12:40:45] Quota for pt@g.c: Flash=-1%, Pro=-1%
[12:40:45] Quota for bt@g.c: Flash=-1%, Pro=-1%
[12:43:11] checkQuota() started for 4 accounts
[12:43:11] Quota for pt@g.c: Flash=-1%, Pro=-1%
[12:43:11] Quota for bt@g.c: Flash=-1%, Pro=-1%
[12:43:11] Quota for API.bt@g.c: Flash=-1%, Pro=-1%
[12:43:11] Quota for b@t.m: Flash=-1%, Pro=-1%
[12:43:36] checkQuota() started for 4 accounts
[12:43:36] Quota for API.bt@g.c: Flash=-1%, Pro=-1%
[12:43:36] Quota for bt@g.c: Flash=-1%, Pro=-1%
[12:43:36] Quota for b@t.m: Flash=-1%, Pro=-1%
[12:43:36] Quota for pt@g.c: Flash=-1%, Pro=-1%
[12:44:01] checkQuota() started for 4 accounts
[12:44:01] Quota for API.bt@g.c: Flash=-1%, Pro=-1%
[12:44:01] Quota for bt@g.c: Flash=-1%, Pro=-1%
[12:44:01] Quota for pt@g.c: Flash=-1%, Pro=-1%
[12:44:01] Quota for b@t.m: Flash=-1%, Pro=-1%
[12:44:26] checkQuota() started for 4 accounts
[12:44:27] Quota for pt@g.c: Flash=-1%, Pro=-1%
[12:44:27] Quota for b@t.m: Flash=-1%, Pro=-1%
[12:44:27] Quota for bt@g.c: Flash=-1%, Pro=-1%
[12:44:27] Quota for API.bt@g.c: Flash=-1%, Pro=-1%
[12:44:51] checkQuota() started for 4 accounts
[12:44:51] Quota for pt@g.c: Flash=-1%, Pro=-1%
[12:44:51] Quota for API.bt@g.c: Flash=-1%, Pro=-1%
[12:44:51] Quota for bt@g.c: Flash=-1%, Pro=-1%
[12:44:51] Quota for b@t.m: Flash=-1%, Pro=-1%
[12:48:38] checkQuota() started for 4 accounts
[12:59:05] checkQuota() started for 4 accounts
